<?xml version="1.0" encoding="UTF-8"?>
<testsuite name="gnu.trove.map.hash.THashMapTest" time="0.031" tests="53" errors="0" skipped="0" failures="0">
  <properties>
[...]
</properties>
  <testcase name="testConstructors" classname="gnu.trove.map.hash.THashMapTest" time="0.007"/>
  <testcase name="testValues" classname="gnu.trove.map.hash.THashMapTest" time="0.001"/>
  <testcase name="testEquals" classname="gnu.trove.map.hash.THashMapTest" time="0"/>
  <testcase name="testContainsKey" classname="gnu.trove.map.hash.THashMapTest" time="0"/>
  <testcase name="testContainsValue" classname="gnu.trove.map.hash.THashMapTest" time="0"/>
  <testcase name="testPutIfAbsent" classname="gnu.trove.map.hash.THashMapTest" time="0.001"/>
  <testcase name="testClear" classname="gnu.trove.map.hash.THashMapTest" time="0"/>
  <testcase name="testKeySet" classname="gnu.trove.map.hash.THashMapTest" time="0.001"/>
  <testcase name="testToString" classname="gnu.trove.map.hash.THashMapTest" time="0.001"/>
  <testcase name="testGet" classname="gnu.trove.map.hash.THashMapTest" time="0"/>
  <testcase name="testPutAll" classname="gnu.trove.map.hash.THashMapTest" time="0.001"/>
  <testcase name="testHashCode" classname="gnu.trove.map.hash.THashMapTest" time="0.001"/>
  <testcase name="testContains" classname="gnu.trove.map.hash.THashMapTest" time="0"/>
  <testcase name="testPut" classname="gnu.trove.map.hash.THashMapTest" time="0"/>
  <testcase name="testForEachKey" classname="gnu.trove.map.hash.THashMapTest" time="0.001"/>
  <testcase name="testForEachKeyFalse" classname="gnu.trove.map.hash.THashMapTest" time="0.001"/>
  <testcase name="testForEachValue" classname="gnu.trove.map.hash.THashMapTest" time="0.001"/>
  <testcase name="testForEachValueFalse" classname="gnu.trove.map.hash.THashMapTest" time="0.001"/>
  <testcase name="testForEachEntry" classname="gnu.trove.map.hash.THashMapTest" time="0.001"/>
  <testcase name="testForEachEntryInterrupt" classname="gnu.trove.map.hash.THashMapTest" time="0.001"/>
  <testcase name="testTransformValues" classname="gnu.trove.map.hash.THashMapTest" time="0.001"/>
  <testcase name="testKeyIterator" classname="gnu.trove.map.hash.THashMapTest" time="0"/>
  <testcase name="testContainsNullValue" classname="gnu.trove.map.hash.THashMapTest" time="0"/>
  <testcase name="testEntrySetContainsEntryWithNullValue" classname="gnu.trove.map.hash.THashMapTest" time="0"/>
  <testcase name="testValueSetRemoveNullValue" classname="gnu.trove.map.hash.THashMapTest" time="0"/>
  <testcase name="testSizeAfterEntrySetRemove" classname="gnu.trove.map.hash.THashMapTest" time="0"/>
  <testcase name="testEntrySetRemoveSameKeyDifferentValues" classname="gnu.trove.map.hash.THashMapTest" time="0"/>
  <testcase name="testSizeAfterMultipleReplacingPuts" classname="gnu.trove.map.hash.THashMapTest" time="0"/>
  <testcase name="testSerializable" classname="gnu.trove.map.hash.THashMapTest" time="0.001"/>
  <testcase name="testRetainEntries" classname="gnu.trove.map.hash.THashMapTest" time="0.001"/>
  <testcase name="testBadlyWrittenKey" classname="gnu.trove.map.hash.THashMapTest" time="0.002"/>
  <testcase name="testKeySetEqualsEquivalentSet" classname="gnu.trove.map.hash.THashMapTest" time="0"/>
  <testcase name="testNullValue" classname="gnu.trove.map.hash.THashMapTest" time="0.001"/>
  <testcase name="testNullValueSize" classname="gnu.trove.map.hash.THashMapTest" time="0"/>
  <testcase name="testNullKey" classname="gnu.trove.map.hash.THashMapTest" time="0"/>
  <testcase name="testRetainEntrySet" classname="gnu.trove.map.hash.THashMapTest" time="0"/>
  <testcase name="testMapEntrySetHashCode" classname="gnu.trove.map.hash.THashMapTest" time="0"/>
  <testcase name="testEqualsAndHashCode" classname="gnu.trove.map.hash.THashMapTest" time="0"/>
  <testcase name="testRemoveValue" classname="gnu.trove.map.hash.THashMapTest" time="0"/>
  <testcase name="testProblematicRemove" classname="gnu.trove.map.hash.THashMapTest" time="0.003"/>
  <testcase name="testIterable" classname="gnu.trove.map.hash.THashMapTest" time="0"/>
  <testcase name="testKeysFunctions" classname="gnu.trove.map.hash.THashMapTest" time="0"/>
  <testcase name="testValuesFunctions" classname="gnu.trove.map.hash.THashMapTest" time="0"/>
  <testcase name="testValuesToArray" classname="gnu.trove.map.hash.THashMapTest" time="0"/>
  <testcase name="testIteratorFunctions" classname="gnu.trove.map.hash.THashMapTest" time="0"/>
  <testcase name="testEntrySetFunctions" classname="gnu.trove.map.hash.THashMapTest" time="0"/>
  <testcase name="testEntrySetToString" classname="gnu.trove.map.hash.THashMapTest" time="0"/>
  <testcase name="testKeySetToString" classname="gnu.trove.map.hash.THashMapTest" time="0"/>
  <testcase name="testValuesToString" classname="gnu.trove.map.hash.THashMapTest" time="0.001"/>
  <testcase name="testRemovedSlotPruning" classname="gnu.trove.map.hash.THashMapTest" time="0"/>
  <testcase name="testFreeSlotCounterConsistency" classname="gnu.trove.map.hash.THashMapTest" time="0.001"/>
  <testcase name="testEntrySetRemove" classname="gnu.trove.map.hash.THashMapTest" time="0"/>
  <testcase name="testNullKeyHandling" classname="gnu.trove.map.hash.THashMapTest" time="0.001"/>
</testsuite>