<?xml version="1.0" encoding="UTF-8"?>
<testsuite name="gnu.trove.decorator.TPrimitivePrimitiveMapDecoratorTest" time="0.53" tests="29" errors="0" skipped="0" failures="0">
  <properties>
[...]
</properties>
  <testcase name="testConstructors" classname="gnu.trove.decorator.TPrimitivePrimitiveMapDecoratorTest" time="0.014"/>
  <testcase name="testKeys" classname="gnu.trove.decorator.TPrimitivePrimitiveMapDecoratorTest" time="0.002"/>
  <testcase name="testValueCollectionContainsAll" classname="gnu.trove.decorator.TPrimitivePrimitiveMapDecoratorTest" time="0"/>
  <testcase name="testValueCollectionRetainAllCollection" classname="gnu.trove.decorator.TPrimitivePrimitiveMapDecoratorTest" time="0.001"/>
  <testcase name="testValueCollectionRemoveAllCollection" classname="gnu.trove.decorator.TPrimitivePrimitiveMapDecoratorTest" time="0"/>
  <testcase name="testValues" classname="gnu.trove.decorator.TPrimitivePrimitiveMapDecoratorTest" time="0.002"/>
  <testcase name="testEntrySet" classname="gnu.trove.decorator.TPrimitivePrimitiveMapDecoratorTest" time="0.001"/>
  <testcase name="testEquals" classname="gnu.trove.decorator.TPrimitivePrimitiveMapDecoratorTest" time="0.006"/>
  <testcase name="testSerialize" classname="gnu.trove.decorator.TPrimitivePrimitiveMapDecoratorTest" time="0.004"/>
  <testcase name="testRemove" classname="gnu.trove.decorator.TPrimitivePrimitiveMapDecoratorTest" time="0"/>
  <testcase name="testClear" classname="gnu.trove.decorator.TPrimitivePrimitiveMapDecoratorTest" time="0"/>
  <testcase name="testToString" classname="gnu.trove.decorator.TPrimitivePrimitiveMapDecoratorTest" time="0"/>
  <testcase name="testGet" classname="gnu.trove.decorator.TPrimitivePrimitiveMapDecoratorTest" time="0"/>
  <testcase name="testPutAll" classname="gnu.trove.decorator.TPrimitivePrimitiveMapDecoratorTest" time="0.002"/>
  <testcase name="testRehash" classname="gnu.trove.decorator.TPrimitivePrimitiveMapDecoratorTest" time="0.496"/>
  <testcase name="testKeySetMisc" classname="gnu.trove.decorator.TPrimitivePrimitiveMapDecoratorTest" time="0"/>
  <testcase name="testKeySetContainsAll" classname="gnu.trove.decorator.TPrimitivePrimitiveMapDecoratorTest" time="0"/>
  <testcase name="testKeySetAddAll" classname="gnu.trove.decorator.TPrimitivePrimitiveMapDecoratorTest" time="0"/>
  <testcase name="testKeySetRetainAllCollection" classname="gnu.trove.decorator.TPrimitivePrimitiveMapDecoratorTest" time="0.001"/>
  <testcase name="testKeySetRemoveAllCollection" classname="gnu.trove.decorator.TPrimitivePrimitiveMapDecoratorTest" time="0"/>
  <testcase name="testKeySetEquals" classname="gnu.trove.decorator.TPrimitivePrimitiveMapDecoratorTest" time="0"/>
  <testcase name="testKeySetHashCode" classname="gnu.trove.decorator.TPrimitivePrimitiveMapDecoratorTest" time="0"/>
  <testcase name="testKeySetIterator" classname="gnu.trove.decorator.TPrimitivePrimitiveMapDecoratorTest" time="0"/>
  <testcase name="testValueCollectionMisc" classname="gnu.trove.decorator.TPrimitivePrimitiveMapDecoratorTest" time="0"/>
  <testcase name="testValueCollectionAddAll" classname="gnu.trove.decorator.TPrimitivePrimitiveMapDecoratorTest" time="0"/>
  <testcase name="testValueCollectionIterator" classname="gnu.trove.decorator.TPrimitivePrimitiveMapDecoratorTest" time="0.001"/>
  <testcase name="testHashCode" classname="gnu.trove.decorator.TPrimitivePrimitiveMapDecoratorTest" time="0"/>
  <testcase name="testBug3432212A" classname="gnu.trove.decorator.TPrimitivePrimitiveMapDecoratorTest" time="0"/>
  <testcase name="testBug3432212B" classname="gnu.trove.decorator.TPrimitivePrimitiveMapDecoratorTest" time="0"/>
</testsuite>